<?xml version="1.0" encoding="UTF-8"?>
<!-- Generated by org.testng.reporters.JUnitReportReporter -->
<testsuite hostname="SHITAL" failures="0" tests="1" name="register.LoginTestCases" time="7.583" errors="0" timestamp="2025-02-13T13:55:24 IST" skipped="0">
  <testcase classname="register.LoginTestCases" name="verifybreadcrumbpageheadingpagetitleofloginfunctionality" time="7.583"/>
</testsuite> <!-- register.LoginTestCases -->
