<?xml version="1.0" encoding="UTF-8"?>
<!-- Generated by org.testng.reporters.JUnitReportReporter -->
<testsuite hostname="SHITAL" failures="0" tests="1" name="register.Tc_RF_022" time="4.516" errors="0" timestamp="2024-12-31T16:14:19 IST" skipped="0">
  <testcase classname="register.Tc_RF_022" name="PasswordtextenteredintoPasswordandPasswordConfirmfieldsneedtobetoggledtohideitsvisibilty" time="4.516"/>
</testsuite> <!-- register.Tc_RF_022 -->
