<?xml version="1.0" encoding="UTF-8"?>
<!-- Generated by org.testng.reporters.JUnitReportReporter -->
<testsuite hostname="SHITAL" failures="0" tests="1" name="register.TC_014" time="3.298" errors="0" timestamp="2024-12-31T15:50:48 IST" skipped="0">
  <testcase classname="register.TC_014" name="verifyRegisterAccountPagePlaceholders" time="3.298"/>
</testsuite> <!-- register.TC_014 -->
