<?xml version="1.0" encoding="UTF-8"?>
<!-- Generated by org.testng.reporters.JUnitReportReporter -->
<testsuite hostname="SHITAL" failures="0" tests="1" name="register.TC_13" time="3.311" errors="0" timestamp="2024-12-31T15:41:09 IST" skipped="0">
  <testcase classname="register.TC_13" name="verifyRegisterAccountPagePlaceholders" time="3.311"/>
</testsuite> <!-- register.TC_13 -->
