<?xml version="1.0" encoding="UTF-8"?>
<!-- Generated by org.testng.reporters.JUnitReportReporter -->
<testsuite hostname="SHITAL" failures="0" tests="1" name="register.Search" time="3.027" errors="0" timestamp="2025-03-09T08:34:17 IST" skipped="0">
  <testcase classname="register.Search" name="VerifyNavigationFromsearchPageToProductComparePage" time="3.027"/>
</testsuite> <!-- register.Search -->
