<?xml version="1.0" encoding="UTF-8"?>
<!-- Generated by org.testng.reporters.JUnitReportReporter -->
<testsuite hostname="SHITAL" failures="0" tests="1" name="register.TC_RF_019" time="6.471" errors="0" timestamp="2024-12-06T12:08:22 IST" skipped="0">
  <testcase classname="register.TC_RF_019" name="ToVerifyLeadingAndTrailingSpace" time="6.471"/>
</testsuite> <!-- register.TC_RF_019 -->
