<?xml version="1.0" encoding="UTF-8"?>
<!-- Generated by org.testng.reporters.JUnitReportReporter -->
<testsuite hostname="SHITAL" failures="0" tests="1" name="register.TC_RF_018" time="39.963" errors="0" timestamp="2024-12-31T16:01:57 IST" skipped="0">
  <testcase classname="register.TC_RF_018" name="verifyHeightWidthNumberOfCharacters" time="39.963"/>
</testsuite> <!-- register.TC_RF_018 -->
