<?xml version="1.0" encoding="UTF-8"?>
<!-- Generated by org.testng.reporters.JUnitReportReporter -->
<testsuite hostname="SHITAL" failures="0" tests="1" name="Tests.TC_001" time="4.890" errors="0" timestamp="2024-12-30T10:52:53 IST" skipped="0">
  <testcase classname="Tests.TC_001" name="RegisterWithMandatoryfields" time="4.890"/>
</testsuite> <!-- Tests.TC_001 -->
