<?xml version="1.0" encoding="UTF-8"?>
<!-- Generated by org.testng.reporters.JUnitReportReporter -->
<testsuite hostname="SHITAL" failures="0" tests="1" name="register.TC_RF_021" time="5.259" errors="0" timestamp="2024-12-31T16:11:38 IST" skipped="0">
  <testcase classname="register.TC_RF_021" name="ToVerifyregisterFunctionalityPrivacyPolicyIsNotSelected" time="5.259"/>
</testsuite> <!-- register.TC_RF_021 -->
