<?xml version="1.0" encoding="UTF-8"?>
<!-- Generated by org.testng.reporters.JUnitReportReporter -->
<testsuite hostname="SHITAL" failures="0" tests="1" name="register.TC_RF024" time="4.289" errors="0" timestamp="2024-12-31T16:18:11 IST" skipped="0">
  <testcase classname="register.TC_RF024" name="fillingpasswordandnotfillingpasswordconfirmfield" time="4.289"/>
</testsuite> <!-- register.TC_RF024 -->
