<?xml version="1.0" encoding="UTF-8"?>
<!-- Generated by org.testng.reporters.JUnitReportReporter -->
<testsuite hostname="SHITAL" failures="0" tests="1" name="register.TC_16" time="4.122" errors="0" timestamp="2024-12-31T15:54:08 IST" skipped="0">
  <testcase classname="register.TC_16" name="VerifyMandatoryfieldsintheRegisterAccountpagearenotacceptingonlyspaces" time="4.122"/>
</testsuite> <!-- register.TC_16 -->
