<?xml version="1.0" encoding="UTF-8"?>
<!-- Generated by org.testng.reporters.JUnitReportReporter -->
<testsuite hostname="SHITAL" failures="0" tests="1" name="register.TC_RF025" time="3.085" errors="0" timestamp="2024-12-31T16:19:27 IST" skipped="0">
  <testcase classname="register.TC_RF025" name="Verify_Breadcrumb_PageHeading_PageUrl_PageTitleOfRF" time="3.085"/>
</testsuite> <!-- register.TC_RF025 -->
