<?xml version="1.0" encoding="UTF-8"?>
<!-- Generated by org.testng.reporters.JUnitReportReporter -->
<testsuite hostname="SHITAL" failures="0" tests="3" name="register.TC_RF_027" time="48.094" errors="0" timestamp="2024-12-31T16:23:40 IST" skipped="0">
  <testcase classname="register.TC_RF_027" name="verifyUrlondifferentenvironments" time="35.489"/>
  <testcase classname="register.TC_RF_027" name="verifyUrlondifferentenvironments" time="4.172"/>
  <testcase classname="register.TC_RF_027" name="verifyUrlondifferentenvironments" time="8.433"/>
</testsuite> <!-- register.TC_RF_027 -->
