<?xml version="1.0" encoding="UTF-8"?>
<!-- Generated by org.testng.reporters.JUnitReportReporter -->
<testsuite hostname="SHITAL" failures="0" tests="1" name="register.TC_RF_20" time="3.668" errors="0" timestamp="2024-12-06T13:07:36 IST" skipped="0">
  <testcase classname="register.TC_RF_20" name="Toverifyprivacypolicyoptionisnotseletedbydefault" time="3.668"/>
</testsuite> <!-- register.TC_RF_20 -->
