<?xml version="1.0" encoding="UTF-8"?>
<!-- Generated by org.testng.reporters.JUnitReportReporter -->
<testsuite hostname="SHITAL" failures="0" tests="1" name="register.TC_RF_023" time="3.247" errors="0" timestamp="2024-12-31T16:15:56 IST" skipped="0">
  <testcase classname="register.TC_RF_023" name="VerifynavigatingtootherpagesusingtheoptionsrlinksprovidedontheRegisterAccount" time="3.247"/>
</testsuite> <!-- register.TC_RF_023 -->
