<?xml version="1.0" encoding="UTF-8"?>
<!-- Generated by org.testng.reporters.JUnitReportReporter -->
<testsuite hostname="SHITAL" failures="0" tests="1" name="register.TC_RF018" time="7.692" errors="0" timestamp="2024-12-06T02:27:10 IST" skipped="0">
  <testcase classname="register.TC_RF018" name="verifyHeightWidthNumberOfCharacters" time="7.692"/>
</testsuite> <!-- register.TC_RF018 -->
