<?xml version="1.0" encoding="UTF-8"?>
<!-- Generated by org.testng.reporters.JUnitReportReporter -->
<testsuite hostname="SHITAL" failures="0" tests="1" name="register.TC_010" time="7.205" errors="0" timestamp="2024-12-31T13:59:10 IST" skipped="0">
  <testcase classname="register.TC_010" name="verifyRegisteringAccountUsingInvalidEmail" time="7.205"/>
</testsuite> <!-- register.TC_010 -->
