<?xml version="1.0" encoding="UTF-8"?>
<!-- Generated by org.testng.reporters.JUnitReportReporter -->
<testsuite hostname="SHITAL" failures="0" tests="1" name="register.TC_RF_020" time="6.683" errors="0" timestamp="2024-12-06T12:40:04 IST" skipped="0">
  <testcase classname="register.TC_RF_020" name="ToVerifyregisterFunctionalityPrivacyPolicyIsNotSelected" time="6.683"/>
</testsuite> <!-- register.TC_RF_020 -->
