<?xml version="1.0" encoding="UTF-8"?>
<!-- Generated by org.testng.reporters.JUnitReportReporter -->
<testsuite hostname="SHITAL" failures="0" tests="1" name="register.TC_12" time="9.890" errors="0" timestamp="2024-12-31T15:30:26 IST" skipped="0">
  <testcase classname="register.TC_12" name="verifyRegisteringAccountUsingKeyboardKeys" time="9.890"/>
</testsuite> <!-- register.TC_12 -->
